Performing C SOURCE FILE Test CMAKE_HAVE_LIBC_PTHREAD failed with the following output:
Change Dir: /home/carlos/Documentos/Cursos/DOCTORADO/EstructuraDatos/NewTrabajoFinal/code/build/CMakeFiles/CMakeTmp

Run Build Command(s):/usr/bin/make cmTC_a6cc6/fast && /usr/bin/make -f CMakeFiles/cmTC_a6cc6.dir/build.make CMakeFiles/cmTC_a6cc6.dir/build
make[1]: se entra en el directorio '/home/carlos/Documentos/Cursos/DOCTORADO/EstructuraDatos/NewTrabajoFinal/code/build/CMakeFiles/CMakeTmp'
Building C object CMakeFiles/cmTC_a6cc6.dir/src.c.o
/usr/bin/gcc-9   -DCMAKE_HAVE_LIBC_PTHREAD   -o CMakeFiles/cmTC_a6cc6.dir/src.c.o   -c /home/carlos/Documentos/Cursos/DOCTORADO/EstructuraDatos/NewTrabajoFinal/code/build/CMakeFiles/CMakeTmp/src.c
Linking C executable cmTC_a6cc6
/usr/bin/cmake -E cmake_link_script CMakeFiles/cmTC_a6cc6.dir/link.txt --verbose=1
/usr/bin/gcc-9  -DCMAKE_HAVE_LIBC_PTHREAD    -rdynamic CMakeFiles/cmTC_a6cc6.dir/src.c.o  -o cmTC_a6cc6 
/usr/bin/ld: CMakeFiles/cmTC_a6cc6.dir/src.c.o: en la función `main':
src.c:(.text+0x46): referencia a `pthread_create' sin definir
/usr/bin/ld: src.c:(.text+0x52): referencia a `pthread_detach' sin definir
/usr/bin/ld: src.c:(.text+0x63): referencia a `pthread_join' sin definir
collect2: error: ld returned 1 exit status
make[1]: *** [CMakeFiles/cmTC_a6cc6.dir/build.make:87: cmTC_a6cc6] Error 1
make[1]: se sale del directorio '/home/carlos/Documentos/Cursos/DOCTORADO/EstructuraDatos/NewTrabajoFinal/code/build/CMakeFiles/CMakeTmp'
make: *** [Makefile:121: cmTC_a6cc6/fast] Error 2


Source file was:
#include <pthread.h>

void* test_func(void* data)
{
  return data;
}

int main(void)
{
  pthread_t thread;
  pthread_create(&thread, NULL, test_func, NULL);
  pthread_detach(thread);
  pthread_join(thread, NULL);
  pthread_atfork(NULL, NULL, NULL);
  pthread_exit(NULL);

  return 0;
}

Determining if the function pthread_create exists in the pthreads failed with the following output:
Change Dir: /home/carlos/Documentos/Cursos/DOCTORADO/EstructuraDatos/NewTrabajoFinal/code/build/CMakeFiles/CMakeTmp

Run Build Command(s):/usr/bin/make cmTC_9a720/fast && /usr/bin/make -f CMakeFiles/cmTC_9a720.dir/build.make CMakeFiles/cmTC_9a720.dir/build
make[1]: se entra en el directorio '/home/carlos/Documentos/Cursos/DOCTORADO/EstructuraDatos/NewTrabajoFinal/code/build/CMakeFiles/CMakeTmp'
Building C object CMakeFiles/cmTC_9a720.dir/CheckFunctionExists.c.o
/usr/bin/gcc-9   -DCHECK_FUNCTION_EXISTS=pthread_create   -o CMakeFiles/cmTC_9a720.dir/CheckFunctionExists.c.o   -c /usr/share/cmake-3.16/Modules/CheckFunctionExists.c
Linking C executable cmTC_9a720
/usr/bin/cmake -E cmake_link_script CMakeFiles/cmTC_9a720.dir/link.txt --verbose=1
/usr/bin/gcc-9  -DCHECK_FUNCTION_EXISTS=pthread_create    -rdynamic CMakeFiles/cmTC_9a720.dir/CheckFunctionExists.c.o  -o cmTC_9a720  -lpthreads 
/usr/bin/ld: no se puede encontrar -lpthreads
collect2: error: ld returned 1 exit status
make[1]: *** [CMakeFiles/cmTC_9a720.dir/build.make:87: cmTC_9a720] Error 1
make[1]: se sale del directorio '/home/carlos/Documentos/Cursos/DOCTORADO/EstructuraDatos/NewTrabajoFinal/code/build/CMakeFiles/CMakeTmp'
make: *** [Makefile:121: cmTC_9a720/fast] Error 2



